# JRE version: Java(TM) SE Runtime Environment (22.0.2+9) (build 22.0.2+9-70)
# Java VM: Java HotSpot(TM) 64-Bit Server VM (22.0.2+9-70, mixed mode, emulated-client, sharing, tiered, compressed oops, compressed class ptrs, g1 gc, windows-amd64)
GC Precious Log:
 CardTable entry size: 512
 Card Set container configuration: InlinePtr #cards 4 size 8 Array Of Cards #cards 16 size 48 Howl #buckets 8 coarsen threshold 3686 Howl Bitmap #cards 512 size 80 coarsen threshold 460 Card regions per heap region 1 cards per card region 4096
 CPUs: 8 total, 8 available
 Memory: 16221M
 Large Page Support: Disabled
 NUMA Support: Disabled
 Compressed Oops: Enabled (Zero based)
 Heap Region Size: 2M
 Heap Min Capacity: 8M
 Heap Initial Capacity: 254M
 Heap Max Capacity: 4056M
 Pre-touch: Disabled
 Parallel Workers: 8
 Concurrent Workers: 2
 Concurrent Refinement Workers: 8
 Periodic GC: Disabled
Heap:
 garbage-first heap   total reserved 4153344K, committed 102400K, used 52444K [0x0000000702800000, 0x0000000800000000)
  region size 2048K, 14 young (28672K), 4 survivors (8192K)
 Metaspace       used 44468K, committed 45120K, reserved 1114112K
  class space    used 6434K, committed 6720K, reserved 1048576K
GC Heap History (18 events):
Event: 1.574 GC heap before
{Heap before GC invocations=0 (full 0):
 garbage-first heap   total reserved 4153344K, committed 260096K, used 22528K [0x0000000702800000, 0x0000000800000000)
  region size 2048K, 12 young (24576K), 0 survivors (0K)
 Metaspace       used 6099K, committed 6336K, reserved 1114112K
  class space    used 725K, committed 832K, reserved 1048576K
}
Event: 1.582 GC heap after
{Heap after GC invocations=1 (full 0):
 garbage-first heap   total reserved 4153344K, committed 260096K, used 8051K [0x0000000702800000, 0x0000000800000000)
  region size 2048K, 2 young (4096K), 2 survivors (4096K)
 Metaspace       used 6099K, committed 6336K, reserved 1114112K
  class space    used 725K, committed 832K, reserved 1048576K
}
Event: 2.293 GC heap before
{Heap before GC invocations=1 (full 0):
 garbage-first heap   total reserved 4153344K, committed 260096K, used 30579K [0x0000000702800000, 0x0000000800000000)
  region size 2048K, 14 young (28672K), 2 survivors (4096K)
 Metaspace       used 9346K, committed 9728K, reserved 1114112K
  class space    used 1151K, committed 1344K, reserved 1048576K
}
Event: 2.300 GC heap after
{Heap after GC invocations=2 (full 0):
 garbage-first heap   total reserved 4153344K, committed 260096K, used 12174K [0x0000000702800000, 0x0000000800000000)
  region size 2048K, 2 young (4096K), 2 survivors (4096K)
 Metaspace       used 9346K, committed 9728K, reserved 1114112K
  class space    used 1151K, committed 1344K, reserved 1048576K
}
Event: 4.544 GC heap before
{Heap before GC invocations=2 (full 0):
 garbage-first heap   total reserved 4153344K, committed 260096K, used 67470K [0x0000000702800000, 0x0000000800000000)
  region size 2048K, 30 young (61440K), 2 survivors (4096K)
 Metaspace       used 21116K, committed 21504K, reserved 1114112K
  class space    used 2812K, committed 3008K, reserved 1048576K
}
Event: 4.550 GC heap after
{Heap after GC invocations=3 (full 0):
 garbage-first heap   total reserved 4153344K, committed 260096K, used 16218K [0x0000000702800000, 0x0000000800000000)
  region size 2048K, 4 young (8192K), 4 survivors (8192K)
 Metaspace       used 21116K, committed 21504K, reserved 1114112K
  class space    used 2812K, committed 3008K, reserved 1048576K
}
Event: 4.948 GC heap before
{Heap before GC invocations=4 (full 0):
 garbage-first heap   total reserved 4153344K, committed 55296K, used 40794K [0x0000000702800000, 0x0000000800000000)
  region size 2048K, 16 young (32768K), 4 survivors (8192K)
 Metaspace       used 23137K, committed 23552K, reserved 1114112K
  class space    used 3077K, committed 3264K, reserved 1048576K
}
Event: 4.955 GC heap after
{Heap after GC invocations=5 (full 0):
 garbage-first heap   total reserved 4153344K, committed 55296K, used 18892K [0x0000000702800000, 0x0000000800000000)
  region size 2048K, 2 young (4096K), 2 survivors (4096K)
 Metaspace       used 23137K, committed 23552K, reserved 1114112K
  class space    used 3077K, committed 3264K, reserved 1048576K
}
Event: 5.369 GC heap before
{Heap before GC invocations=5 (full 0):
 garbage-first heap   total reserved 4153344K, committed 55296K, used 39372K [0x0000000702800000, 0x0000000800000000)
  region size 2048K, 12 young (24576K), 2 survivors (4096K)
 Metaspace       used 24488K, committed 24896K, reserved 1114112K
  class space    used 3274K, committed 3456K, reserved 1048576K
}
Event: 5.375 GC heap after
{Heap after GC invocations=6 (full 0):
 garbage-first heap   total reserved 4153344K, committed 55296K, used 21070K [0x0000000702800000, 0x0000000800000000)
  region size 2048K, 1 young (2048K), 1 survivors (2048K)
 Metaspace       used 24488K, committed 24896K, reserved 1114112K
  class space    used 3274K, committed 3456K, reserved 1048576K
}
Event: 5.907 GC heap before
{Heap before GC invocations=6 (full 0):
 garbage-first heap   total reserved 4153344K, committed 55296K, used 39502K [0x0000000702800000, 0x0000000800000000)
  region size 2048K, 11 young (22528K), 1 survivors (2048K)
 Metaspace       used 26010K, committed 26432K, reserved 1114112K
  class space    used 3540K, committed 3712K, reserved 1048576K
}
Event: 5.914 GC heap after
{Heap after GC invocations=7 (full 0):
 garbage-first heap   total reserved 4153344K, committed 55296K, used 22478K [0x0000000702800000, 0x0000000800000000)
  region size 2048K, 2 young (4096K), 2 survivors (4096K)
 Metaspace       used 26010K, committed 26432K, reserved 1114112K
  class space    used 3540K, committed 3712K, reserved 1048576K
}
Event: 6.366 GC heap before
{Heap before GC invocations=7 (full 0):
 garbage-first heap   total reserved 4153344K, committed 55296K, used 42958K [0x0000000702800000, 0x0000000800000000)
  region size 2048K, 12 young (24576K), 2 survivors (4096K)
 Metaspace       used 29042K, committed 29632K, reserved 1114112K
  class space    used 4028K, committed 4288K, reserved 1048576K
}
Event: 6.375 GC heap after
{Heap after GC invocations=8 (full 0):
 garbage-first heap   total reserved 4153344K, committed 157696K, used 24247K [0x0000000702800000, 0x0000000800000000)
  region size 2048K, 2 young (4096K), 2 survivors (4096K)
 Metaspace       used 29042K, committed 29632K, reserved 1114112K
  class space    used 4028K, committed 4288K, reserved 1048576K
}
Event: 7.505 GC heap before
{Heap before GC invocations=8 (full 0):
 garbage-first heap   total reserved 4153344K, committed 157696K, used 81591K [0x0000000702800000, 0x0000000800000000)
  region size 2048K, 32 young (65536K), 2 survivors (4096K)
 Metaspace       used 35373K, committed 35968K, reserved 1114112K
  class space    used 4943K, committed 5184K, reserved 1048576K
}
Event: 7.515 GC heap after
{Heap after GC invocations=9 (full 0):
 garbage-first heap   total reserved 4153344K, committed 157696K, used 27365K [0x0000000702800000, 0x0000000800000000)
  region size 2048K, 4 young (8192K), 4 survivors (8192K)
 Metaspace       used 35373K, committed 35968K, reserved 1114112K
  class space    used 4943K, committed 5184K, reserved 1048576K
}
Event: 8.766 GC heap before
{Heap before GC invocations=10 (full 0):
 garbage-first heap   total reserved 4153344K, committed 102400K, used 80613K [0x0000000702800000, 0x0000000800000000)
  region size 2048K, 30 young (61440K), 4 survivors (8192K)
 Metaspace       used 41779K, committed 42496K, reserved 1114112K
  class space    used 5949K, committed 6272K, reserved 1048576K
}
Event: 8.781 GC heap after
{Heap after GC invocations=11 (full 0):
 garbage-first heap   total reserved 4153344K, committed 102400K, used 34012K [0x0000000702800000, 0x0000000800000000)
  region size 2048K, 4 young (8192K), 4 survivors (8192K)
 Metaspace       used 41779K, committed 42496K, reserved 1114112K
  class space    used 5949K, committed 6272K, reserved 1048576K
}

